Tue May 20 00:39:32 EDT 2014 Thread[Timer-2,5,main] Cleanup action starting
java.sql.SQLException: Failed to start database 'derby-home/spring_batch1' with class loader ContextLoader@batch-training-jms-reader, see the next exception for details.
	at org.apache.derby.impl.jdbc.SQLExceptionFactory40.getSQLException(Unknown Source)
	at org.apache.derby.impl.jdbc.Util.newEmbedSQLException(Unknown Source)
	at org.apache.derby.impl.jdbc.Util.seeNextException(Unknown Source)
	at org.apache.derby.impl.jdbc.EmbedConnection.bootDatabase(Unknown Source)
	at org.apache.derby.impl.jdbc.EmbedConnection.<init>(Unknown Source)
	at org.apache.derby.impl.jdbc.EmbedConnection40.<init>(Unknown Source)
	at org.apache.derby.jdbc.Driver40.getNewEmbedConnection(Unknown Source)
	at org.apache.derby.jdbc.InternalDriver.connect(Unknown Source)
	at org.apache.derby.jdbc.Driver20.connect(Unknown Source)
	at org.apache.derby.jdbc.AutoloadedDriver.connect(Unknown Source)
	at java.sql.DriverManager.getConnection(DriverManager.java:571)
	at java.sql.DriverManager.getConnection(DriverManager.java:187)
	at org.springframework.jdbc.datasource.DriverManagerDataSource.getConnectionFromDriverManager(DriverManagerDataSource.java:173)
	at org.springframework.jdbc.datasource.DriverManagerDataSource.getConnectionFromDriver(DriverManagerDataSource.java:164)
	at org.springframework.jdbc.datasource.AbstractDriverBasedDataSource.getConnectionFromDriver(AbstractDriverBasedDataSource.java:153)
	at org.springframework.jdbc.datasource.SingleConnectionDataSource.initConnection(SingleConnectionDataSource.java:244)
	at org.springframework.jdbc.datasource.SingleConnectionDataSource.getConnection(SingleConnectionDataSource.java:186)
	at org.springframework.jdbc.datasource.DataSourceUtils.doGetConnection(DataSourceUtils.java:111)
	at org.springframework.jdbc.datasource.DataSourceUtils.getConnection(DataSourceUtils.java:77)
	at org.springframework.jdbc.support.JdbcUtils.extractDatabaseMetaData(JdbcUtils.java:280)
	at org.springframework.jdbc.support.JdbcUtils.extractDatabaseMetaData(JdbcUtils.java:320)
	at org.springframework.batch.support.DatabaseType.fromMetaData(DatabaseType.java:93)
	at org.springframework.batch.admin.service.SimpleJobServiceFactoryBean.afterPropertiesSet(SimpleJobServiceFactoryBean.java:179)
	at org.springframework.beans.factory.support.AbstractAutowireCapableBeanFactory.invokeInitMethods(AbstractAutowireCapableBeanFactory.java:1514)
	at org.springframework.beans.factory.support.AbstractAutowireCapableBeanFactory.initializeBean(AbstractAutowireCapableBeanFactory.java:1452)
	at org.springframework.beans.factory.support.AbstractAutowireCapableBeanFactory.doCreateBean(AbstractAutowireCapableBeanFactory.java:519)
	at org.springframework.beans.factory.support.AbstractAutowireCapableBeanFactory.createBean(AbstractAutowireCapableBeanFactory.java:456)
	at org.springframework.beans.factory.support.AbstractBeanFactory$1.getObject(AbstractBeanFactory.java:294)
	at org.springframework.beans.factory.support.DefaultSingletonBeanRegistry.getSingleton(DefaultSingletonBeanRegistry.java:225)
	at org.springframework.beans.factory.support.AbstractBeanFactory.doGetBean(AbstractBeanFactory.java:291)
	at org.springframework.beans.factory.support.AbstractBeanFactory.getBean(AbstractBeanFactory.java:193)
	at org.springframework.aop.framework.ProxyFactoryBean.freshTargetSource(ProxyFactoryBean.java:571)
	at org.springframework.aop.framework.ProxyFactoryBean.getSingletonInstance(ProxyFactoryBean.java:305)
	at org.springframework.aop.framework.ProxyFactoryBean.getObject(ProxyFactoryBean.java:242)
	at org.springframework.beans.factory.support.FactoryBeanRegistrySupport.doGetObjectFromFactoryBean(FactoryBeanRegistrySupport.java:142)
	at org.springframework.beans.factory.support.FactoryBeanRegistrySupport.getObjectFromFactoryBean(FactoryBeanRegistrySupport.java:109)
	at org.springframework.beans.factory.support.BeanDefinitionValueResolver.resolveInnerBean(BeanDefinitionValueResolver.java:275)
	at org.springframework.beans.factory.support.BeanDefinitionValueResolver.resolveValueIfNecessary(BeanDefinitionValueResolver.java:121)
	at org.springframework.beans.factory.support.AbstractAutowireCapableBeanFactory.applyPropertyValues(AbstractAutowireCapableBeanFactory.java:1360)
	at org.springframework.beans.factory.support.AbstractAutowireCapableBeanFactory.populateBean(AbstractAutowireCapableBeanFactory.java:1118)
	at org.springframework.beans.factory.support.AbstractAutowireCapableBeanFactory.doCreateBean(AbstractAutowireCapableBeanFactory.java:517)
	at org.springframework.beans.factory.support.AbstractAutowireCapableBeanFactory.createBean(AbstractAutowireCapableBeanFactory.java:456)
	at org.springframework.beans.factory.support.AbstractBeanFactory$1.getObject(AbstractBeanFactory.java:294)
	at org.springframework.beans.factory.support.DefaultSingletonBeanRegistry.getSingleton(DefaultSingletonBeanRegistry.java:225)
	at org.springframework.beans.factory.support.AbstractBeanFactory.doGetBean(AbstractBeanFactory.java:291)
	at org.springframework.beans.factory.support.AbstractBeanFactory.getBean(AbstractBeanFactory.java:193)
	at org.springframework.jmx.export.MBeanExporter.autodetect(MBeanExporter.java:880)
	at org.springframework.jmx.export.MBeanExporter.autodetectBeans(MBeanExporter.java:842)
	at org.springframework.jmx.export.MBeanExporter.registerBeans(MBeanExporter.java:521)
	at org.springframework.jmx.export.MBeanExporter.afterPropertiesSet(MBeanExporter.java:413)
	at org.springframework.beans.factory.support.AbstractAutowireCapableBeanFactory.invokeInitMethods(AbstractAutowireCapableBeanFactory.java:1514)
	at org.springframework.beans.factory.support.AbstractAutowireCapableBeanFactory.initializeBean(AbstractAutowireCapableBeanFactory.java:1452)
	at org.springframework.beans.factory.support.AbstractAutowireCapableBeanFactory.doCreateBean(AbstractAutowireCapableBeanFactory.java:519)
	at org.springframework.beans.factory.support.AbstractAutowireCapableBeanFactory.createBean(AbstractAutowireCapableBeanFactory.java:456)
	at org.springframework.beans.factory.support.AbstractBeanFactory$1.getObject(AbstractBeanFactory.java:294)
	at org.springframework.beans.factory.support.DefaultSingletonBeanRegistry.getSingleton(DefaultSingletonBeanRegistry.java:225)
	at org.springframework.beans.factory.support.AbstractBeanFactory.doGetBean(AbstractBeanFactory.java:291)
	at org.springframework.beans.factory.support.AbstractBeanFactory.getBean(AbstractBeanFactory.java:197)
	at org.springframework.integration.monitor.IntegrationMBeanExporter.collectMBeanExporters(IntegrationMBeanExporter.java:377)
	at org.springframework.integration.monitor.IntegrationMBeanExporter.postProcessAfterInitialization(IntegrationMBeanExporter.java:189)
	at org.springframework.beans.factory.support.AbstractAutowireCapableBeanFactory.applyBeanPostProcessorsAfterInitialization(AbstractAutowireCapableBeanFactory.java:407)
	at org.springframework.beans.factory.support.AbstractAutowireCapableBeanFactory.initializeBean(AbstractAutowireCapableBeanFactory.java:1461)
	at org.springframework.beans.factory.support.AbstractAutowireCapableBeanFactory.doCreateBean(AbstractAutowireCapableBeanFactory.java:519)
	at org.springframework.beans.factory.support.AbstractAutowireCapableBeanFactory.createBean(AbstractAutowireCapableBeanFactory.java:456)
	at org.springframework.beans.factory.support.AbstractBeanFactory$1.getObject(AbstractBeanFactory.java:294)
	at org.springframework.beans.factory.support.DefaultSingletonBeanRegistry.getSingleton(DefaultSingletonBeanRegistry.java:225)
	at org.springframework.beans.factory.support.AbstractBeanFactory.doGetBean(AbstractBeanFactory.java:291)
	at org.springframework.beans.factory.support.AbstractBeanFactory.getBean(AbstractBeanFactory.java:193)
	at org.springframework.beans.factory.support.DefaultListableBeanFactory.preInstantiateSingletons(DefaultListableBeanFactory.java:607)
	at org.springframework.context.support.AbstractApplicationContext.finishBeanFactoryInitialization(AbstractApplicationContext.java:925)
	at org.springframework.context.support.AbstractApplicationContext.refresh(AbstractApplicationContext.java:472)
	at org.springframework.web.context.ContextLoader.configureAndRefreshWebApplicationContext(ContextLoader.java:388)
	at org.springframework.web.context.ContextLoader.initWebApplicationContext(ContextLoader.java:293)
	at org.springframework.web.context.ContextLoaderListener.contextInitialized(ContextLoaderListener.java:111)
	at org.mortbay.jetty.handler.ContextHandler.startContext(ContextHandler.java:540)
	at org.mortbay.jetty.servlet.Context.startContext(Context.java:135)
	at org.mortbay.jetty.webapp.WebAppContext.startContext(WebAppContext.java:1220)
	at org.mortbay.jetty.handler.ContextHandler.doStart(ContextHandler.java:510)
	at org.mortbay.jetty.webapp.WebAppContext.doStart(WebAppContext.java:448)
	at org.mortbay.jetty.plugin.Jetty6PluginWebAppContext.doStart(Jetty6PluginWebAppContext.java:110)
	at org.mortbay.component.AbstractLifeCycle.start(AbstractLifeCycle.java:39)
	at org.mortbay.jetty.plugin.AbstractJettyRunMojo$1.filesChanged(AbstractJettyRunMojo.java:409)
	at org.mortbay.util.Scanner.reportBulkChanges(Scanner.java:493)
	at org.mortbay.util.Scanner.reportDifferences(Scanner.java:359)
	at org.mortbay.util.Scanner.scan(Scanner.java:286)
	at org.mortbay.util.Scanner$1.run(Scanner.java:246)
	at java.util.TimerThread.mainLoop(Timer.java:555)
	at java.util.TimerThread.run(Timer.java:505)
Caused by: java.sql.SQLException: Failed to start database 'derby-home/spring_batch1' with class loader ContextLoader@batch-training-jms-reader, see the next exception for details.
	at org.apache.derby.impl.jdbc.SQLExceptionFactory.getSQLException(Unknown Source)
	at org.apache.derby.impl.jdbc.SQLExceptionFactory40.wrapArgsForTransportAcrossDRDA(Unknown Source)
	... 88 more
Caused by: java.sql.SQLException: Another instance of Derby may have already booted the database /home/punnoose/dev/workspace/spring-batch/SpringBatchPartitionerExperiment/derby-home/spring_batch1.
	at org.apache.derby.impl.jdbc.SQLExceptionFactory.getSQLException(Unknown Source)
	at org.apache.derby.impl.jdbc.SQLExceptionFactory40.wrapArgsForTransportAcrossDRDA(Unknown Source)
	at org.apache.derby.impl.jdbc.SQLExceptionFactory40.getSQLException(Unknown Source)
	at org.apache.derby.impl.jdbc.Util.generateCsSQLException(Unknown Source)
	... 85 more
Caused by: ERROR XSDB6: Another instance of Derby may have already booted the database /home/punnoose/dev/workspace/spring-batch/SpringBatchPartitionerExperiment/derby-home/spring_batch1.
	at org.apache.derby.iapi.error.StandardException.newException(Unknown Source)
	at org.apache.derby.impl.store.raw.data.BaseDataFileFactory.privGetJBMSLockOnDB(Unknown Source)
	at org.apache.derby.impl.store.raw.data.BaseDataFileFactory.run(Unknown Source)
	at java.security.AccessController.doPrivileged(Native Method)
	at org.apache.derby.impl.store.raw.data.BaseDataFileFactory.getJBMSLockOnDB(Unknown Source)
	at org.apache.derby.impl.store.raw.data.BaseDataFileFactory.boot(Unknown Source)
	at org.apache.derby.impl.services.monitor.BaseMonitor.boot(Unknown Source)
	at org.apache.derby.impl.services.monitor.TopService.bootModule(Unknown Source)
	at org.apache.derby.impl.services.monitor.BaseMonitor.startModule(Unknown Source)
	at org.apache.derby.iapi.services.monitor.Monitor.bootServiceModule(Unknown Source)
	at org.apache.derby.impl.store.raw.RawStore.boot(Unknown Source)
	at org.apache.derby.impl.services.monitor.BaseMonitor.boot(Unknown Source)
	at org.apache.derby.impl.services.monitor.TopService.bootModule(Unknown Source)
	at org.apache.derby.impl.services.monitor.BaseMonitor.startModule(Unknown Source)
	at org.apache.derby.iapi.services.monitor.Monitor.bootServiceModule(Unknown Source)
	at org.apache.derby.impl.store.access.RAMAccessManager.boot(Unknown Source)
	at org.apache.derby.impl.services.monitor.BaseMonitor.boot(Unknown Source)
	at org.apache.derby.impl.services.monitor.TopService.bootModule(Unknown Source)
	at org.apache.derby.impl.services.monitor.BaseMonitor.startModule(Unknown Source)
	at org.apache.derby.iapi.services.monitor.Monitor.bootServiceModule(Unknown Source)
	at org.apache.derby.impl.db.BasicDatabase.bootStore(Unknown Source)
	at org.apache.derby.impl.db.BasicDatabase.boot(Unknown Source)
	at org.apache.derby.impl.services.monitor.BaseMonitor.boot(Unknown Source)
	at org.apache.derby.impl.services.monitor.TopService.bootModule(Unknown Source)
	at org.apache.derby.impl.services.monitor.BaseMonitor.bootService(Unknown Source)
	at org.apache.derby.impl.services.monitor.BaseMonitor.startProviderService(Unknown Source)
	at org.apache.derby.impl.services.monitor.BaseMonitor.findProviderAndStartService(Unknown Source)
	at org.apache.derby.impl.services.monitor.BaseMonitor.startPersistentService(Unknown Source)
	at org.apache.derby.iapi.services.monitor.Monitor.startPersistentService(Unknown Source)
	... 85 more
============= begin nested exception, level (1) ===========
java.sql.SQLException: Another instance of Derby may have already booted the database /home/punnoose/dev/workspace/spring-batch/SpringBatchPartitionerExperiment/derby-home/spring_batch1.
	at org.apache.derby.impl.jdbc.SQLExceptionFactory40.getSQLException(Unknown Source)
	at org.apache.derby.impl.jdbc.Util.generateCsSQLException(Unknown Source)
	at org.apache.derby.impl.jdbc.EmbedConnection.bootDatabase(Unknown Source)
	at org.apache.derby.impl.jdbc.EmbedConnection.<init>(Unknown Source)
	at org.apache.derby.impl.jdbc.EmbedConnection40.<init>(Unknown Source)
	at org.apache.derby.jdbc.Driver40.getNewEmbedConnection(Unknown Source)
	at org.apache.derby.jdbc.InternalDriver.connect(Unknown Source)
	at org.apache.derby.jdbc.Driver20.connect(Unknown Source)
	at org.apache.derby.jdbc.AutoloadedDriver.connect(Unknown Source)
	at java.sql.DriverManager.getConnection(DriverManager.java:571)
	at java.sql.DriverManager.getConnection(DriverManager.java:187)
	at org.springframework.jdbc.datasource.DriverManagerDataSource.getConnectionFromDriverManager(DriverManagerDataSource.java:173)
	at org.springframework.jdbc.datasource.DriverManagerDataSource.getConnectionFromDriver(DriverManagerDataSource.java:164)
	at org.springframework.jdbc.datasource.AbstractDriverBasedDataSource.getConnectionFromDriver(AbstractDriverBasedDataSource.java:153)
	at org.springframework.jdbc.datasource.SingleConnectionDataSource.initConnection(SingleConnectionDataSource.java:244)
	at org.springframework.jdbc.datasource.SingleConnectionDataSource.getConnection(SingleConnectionDataSource.java:186)
	at org.springframework.jdbc.datasource.DataSourceUtils.doGetConnection(DataSourceUtils.java:111)
	at org.springframework.jdbc.datasource.DataSourceUtils.getConnection(DataSourceUtils.java:77)
	at org.springframework.jdbc.support.JdbcUtils.extractDatabaseMetaData(JdbcUtils.java:280)
	at org.springframework.jdbc.support.JdbcUtils.extractDatabaseMetaData(JdbcUtils.java:320)
	at org.springframework.batch.support.DatabaseType.fromMetaData(DatabaseType.java:93)
	at org.springframework.batch.admin.service.SimpleJobServiceFactoryBean.afterPropertiesSet(SimpleJobServiceFactoryBean.java:179)
	at org.springframework.beans.factory.support.AbstractAutowireCapableBeanFactory.invokeInitMethods(AbstractAutowireCapableBeanFactory.java:1514)
	at org.springframework.beans.factory.support.AbstractAutowireCapableBeanFactory.initializeBean(AbstractAutowireCapableBeanFactory.java:1452)
	at org.springframework.beans.factory.support.AbstractAutowireCapableBeanFactory.doCreateBean(AbstractAutowireCapableBeanFactory.java:519)
	at org.springframework.beans.factory.support.AbstractAutowireCapableBeanFactory.createBean(AbstractAutowireCapableBeanFactory.java:456)
	at org.springframework.beans.factory.support.AbstractBeanFactory$1.getObject(AbstractBeanFactory.java:294)
	at org.springframework.beans.factory.support.DefaultSingletonBeanRegistry.getSingleton(DefaultSingletonBeanRegistry.java:225)
	at org.springframework.beans.factory.support.AbstractBeanFactory.doGetBean(AbstractBeanFactory.java:291)
	at org.springframework.beans.factory.support.AbstractBeanFactory.getBean(AbstractBeanFactory.java:193)
	at org.springframework.aop.framework.ProxyFactoryBean.freshTargetSource(ProxyFactoryBean.java:571)
	at org.springframework.aop.framework.ProxyFactoryBean.getSingletonInstance(ProxyFactoryBean.java:305)
	at org.springframework.aop.framework.ProxyFactoryBean.getObject(ProxyFactoryBean.java:242)
	at org.springframework.beans.factory.support.FactoryBeanRegistrySupport.doGetObjectFromFactoryBean(FactoryBeanRegistrySupport.java:142)
	at org.springframework.beans.factory.support.FactoryBeanRegistrySupport.getObjectFromFactoryBean(FactoryBeanRegistrySupport.java:109)
	at org.springframework.beans.factory.support.BeanDefinitionValueResolver.resolveInnerBean(BeanDefinitionValueResolver.java:275)
	at org.springframework.beans.factory.support.BeanDefinitionValueResolver.resolveValueIfNecessary(BeanDefinitionValueResolver.java:121)
	at org.springframework.beans.factory.support.AbstractAutowireCapableBeanFactory.applyPropertyValues(AbstractAutowireCapableBeanFactory.java:1360)
	at org.springframework.beans.factory.support.AbstractAutowireCapableBeanFactory.populateBean(AbstractAutowireCapableBeanFactory.java:1118)
	at org.springframework.beans.factory.support.AbstractAutowireCapableBeanFactory.doCreateBean(AbstractAutowireCapableBeanFactory.java:517)
	at org.springframework.beans.factory.support.AbstractAutowireCapableBeanFactory.createBean(AbstractAutowireCapableBeanFactory.java:456)
	at org.springframework.beans.factory.support.AbstractBeanFactory$1.getObject(AbstractBeanFactory.java:294)
	at org.springframework.beans.factory.support.DefaultSingletonBeanRegistry.getSingleton(DefaultSingletonBeanRegistry.java:225)
	at org.springframework.beans.factory.support.AbstractBeanFactory.doGetBean(AbstractBeanFactory.java:291)
	at org.springframework.beans.factory.support.AbstractBeanFactory.getBean(AbstractBeanFactory.java:193)
	at org.springframework.jmx.export.MBeanExporter.autodetect(MBeanExporter.java:880)
	at org.springframework.jmx.export.MBeanExporter.autodetectBeans(MBeanExporter.java:842)
	at org.springframework.jmx.export.MBeanExporter.registerBeans(MBeanExporter.java:521)
	at org.springframework.jmx.export.MBeanExporter.afterPropertiesSet(MBeanExporter.java:413)
	at org.springframework.beans.factory.support.AbstractAutowireCapableBeanFactory.invokeInitMethods(AbstractAutowireCapableBeanFactory.java:1514)
	at org.springframework.beans.factory.support.AbstractAutowireCapableBeanFactory.initializeBean(AbstractAutowireCapableBeanFactory.java:1452)
	at org.springframework.beans.factory.support.AbstractAutowireCapableBeanFactory.doCreateBean(AbstractAutowireCapableBeanFactory.java:519)
	at org.springframework.beans.factory.support.AbstractAutowireCapableBeanFactory.createBean(AbstractAutowireCapableBeanFactory.java:456)
	at org.springframework.beans.factory.support.AbstractBeanFactory$1.getObject(AbstractBeanFactory.java:294)
	at org.springframework.beans.factory.support.DefaultSingletonBeanRegistry.getSingleton(DefaultSingletonBeanRegistry.java:225)
	at org.springframework.beans.factory.support.AbstractBeanFactory.doGetBean(AbstractBeanFactory.java:291)
	at org.springframework.beans.factory.support.AbstractBeanFactory.getBean(AbstractBeanFactory.java:197)
	at org.springframework.integration.monitor.IntegrationMBeanExporter.collectMBeanExporters(IntegrationMBeanExporter.java:377)
	at org.springframework.integration.monitor.IntegrationMBeanExporter.postProcessAfterInitialization(IntegrationMBeanExporter.java:189)
	at org.springframework.beans.factory.support.AbstractAutowireCapableBeanFactory.applyBeanPostProcessorsAfterInitialization(AbstractAutowireCapableBeanFactory.java:407)
	at org.springframework.beans.factory.support.AbstractAutowireCapableBeanFactory.initializeBean(AbstractAutowireCapableBeanFactory.java:1461)
	at org.springframework.beans.factory.support.AbstractAutowireCapableBeanFactory.doCreateBean(AbstractAutowireCapableBeanFactory.java:519)
	at org.springframework.beans.factory.support.AbstractAutowireCapableBeanFactory.createBean(AbstractAutowireCapableBeanFactory.java:456)
	at org.springframework.beans.factory.support.AbstractBeanFactory$1.getObject(AbstractBeanFactory.java:294)
	at org.springframework.beans.factory.support.DefaultSingletonBeanRegistry.getSingleton(DefaultSingletonBeanRegistry.java:225)
	at org.springframework.beans.factory.support.AbstractBeanFactory.doGetBean(AbstractBeanFactory.java:291)
	at org.springframework.beans.factory.support.AbstractBeanFactory.getBean(AbstractBeanFactory.java:193)
	at org.springframework.beans.factory.support.DefaultListableBeanFactory.preInstantiateSingletons(DefaultListableBeanFactory.java:607)
	at org.springframework.context.support.AbstractApplicationContext.finishBeanFactoryInitialization(AbstractApplicationContext.java:925)
	at org.springframework.context.support.AbstractApplicationContext.refresh(AbstractApplicationContext.java:472)
	at org.springframework.web.context.ContextLoader.configureAndRefreshWebApplicationContext(ContextLoader.java:388)
	at org.springframework.web.context.ContextLoader.initWebApplicationContext(ContextLoader.java:293)
	at org.springframework.web.context.ContextLoaderListener.contextInitialized(ContextLoaderListener.java:111)
	at org.mortbay.jetty.handler.ContextHandler.startContext(ContextHandler.java:540)
	at org.mortbay.jetty.servlet.Context.startContext(Context.java:135)
	at org.mortbay.jetty.webapp.WebAppContext.startContext(WebAppContext.java:1220)
	at org.mortbay.jetty.handler.ContextHandler.doStart(ContextHandler.java:510)
	at org.mortbay.jetty.webapp.WebAppContext.doStart(WebAppContext.java:448)
	at org.mortbay.jetty.plugin.Jetty6PluginWebAppContext.doStart(Jetty6PluginWebAppContext.java:110)
	at org.mortbay.component.AbstractLifeCycle.start(AbstractLifeCycle.java:39)
	at org.mortbay.jetty.plugin.AbstractJettyRunMojo$1.filesChanged(AbstractJettyRunMojo.java:409)
	at org.mortbay.util.Scanner.reportBulkChanges(Scanner.java:493)
	at org.mortbay.util.Scanner.reportDifferences(Scanner.java:359)
	at org.mortbay.util.Scanner.scan(Scanner.java:286)
	at org.mortbay.util.Scanner$1.run(Scanner.java:246)
	at java.util.TimerThread.mainLoop(Timer.java:555)
	at java.util.TimerThread.run(Timer.java:505)
Caused by: java.sql.SQLException: Another instance of Derby may have already booted the database /home/punnoose/dev/workspace/spring-batch/SpringBatchPartitionerExperiment/derby-home/spring_batch1.
	at org.apache.derby.impl.jdbc.SQLExceptionFactory.getSQLException(Unknown Source)
	at org.apache.derby.impl.jdbc.SQLExceptionFactory40.wrapArgsForTransportAcrossDRDA(Unknown Source)
	... 87 more
Caused by: ERROR XSDB6: Another instance of Derby may have already booted the database /home/punnoose/dev/workspace/spring-batch/SpringBatchPartitionerExperiment/derby-home/spring_batch1.
	at org.apache.derby.iapi.error.StandardException.newException(Unknown Source)
	at org.apache.derby.impl.store.raw.data.BaseDataFileFactory.privGetJBMSLockOnDB(Unknown Source)
	at org.apache.derby.impl.store.raw.data.BaseDataFileFactory.run(Unknown Source)
	at java.security.AccessController.doPrivileged(Native Method)
	at org.apache.derby.impl.store.raw.data.BaseDataFileFactory.getJBMSLockOnDB(Unknown Source)
	at org.apache.derby.impl.store.raw.data.BaseDataFileFactory.boot(Unknown Source)
	at org.apache.derby.impl.services.monitor.BaseMonitor.boot(Unknown Source)
	at org.apache.derby.impl.services.monitor.TopService.bootModule(Unknown Source)
	at org.apache.derby.impl.services.monitor.BaseMonitor.startModule(Unknown Source)
	at org.apache.derby.iapi.services.monitor.Monitor.bootServiceModule(Unknown Source)
	at org.apache.derby.impl.store.raw.RawStore.boot(Unknown Source)
	at org.apache.derby.impl.services.monitor.BaseMonitor.boot(Unknown Source)
	at org.apache.derby.impl.services.monitor.TopService.bootModule(Unknown Source)
	at org.apache.derby.impl.services.monitor.BaseMonitor.startModule(Unknown Source)
	at org.apache.derby.iapi.services.monitor.Monitor.bootServiceModule(Unknown Source)
	at org.apache.derby.impl.store.access.RAMAccessManager.boot(Unknown Source)
	at org.apache.derby.impl.services.monitor.BaseMonitor.boot(Unknown Source)
	at org.apache.derby.impl.services.monitor.TopService.bootModule(Unknown Source)
	at org.apache.derby.impl.services.monitor.BaseMonitor.startModule(Unknown Source)
	at org.apache.derby.iapi.services.monitor.Monitor.bootServiceModule(Unknown Source)
	at org.apache.derby.impl.db.BasicDatabase.bootStore(Unknown Source)
	at org.apache.derby.impl.db.BasicDatabase.boot(Unknown Source)
	at org.apache.derby.impl.services.monitor.BaseMonitor.boot(Unknown Source)
	at org.apache.derby.impl.services.monitor.TopService.bootModule(Unknown Source)
	at org.apache.derby.impl.services.monitor.BaseMonitor.bootService(Unknown Source)
	at org.apache.derby.impl.services.monitor.BaseMonitor.startProviderService(Unknown Source)
	at org.apache.derby.impl.services.monitor.BaseMonitor.findProviderAndStartService(Unknown Source)
	at org.apache.derby.impl.services.monitor.BaseMonitor.startPersistentService(Unknown Source)
	at org.apache.derby.iapi.services.monitor.Monitor.startPersistentService(Unknown Source)
	... 85 more
============= end nested exception, level (1) ===========
============= begin nested exception, level (2) ===========
java.sql.SQLException: Another instance of Derby may have already booted the database /home/punnoose/dev/workspace/spring-batch/SpringBatchPartitionerExperiment/derby-home/spring_batch1.
	at org.apache.derby.impl.jdbc.SQLExceptionFactory.getSQLException(Unknown Source)
	at org.apache.derby.impl.jdbc.SQLExceptionFactory40.wrapArgsForTransportAcrossDRDA(Unknown Source)
	at org.apache.derby.impl.jdbc.SQLExceptionFactory40.getSQLException(Unknown Source)
	at org.apache.derby.impl.jdbc.Util.generateCsSQLException(Unknown Source)
	at org.apache.derby.impl.jdbc.EmbedConnection.bootDatabase(Unknown Source)
	at org.apache.derby.impl.jdbc.EmbedConnection.<init>(Unknown Source)
	at org.apache.derby.impl.jdbc.EmbedConnection40.<init>(Unknown Source)
	at org.apache.derby.jdbc.Driver40.getNewEmbedConnection(Unknown Source)
	at org.apache.derby.jdbc.InternalDriver.connect(Unknown Source)
	at org.apache.derby.jdbc.Driver20.connect(Unknown Source)
	at org.apache.derby.jdbc.AutoloadedDriver.connect(Unknown Source)
	at java.sql.DriverManager.getConnection(DriverManager.java:571)
	at java.sql.DriverManager.getConnection(DriverManager.java:187)
	at org.springframework.jdbc.datasource.DriverManagerDataSource.getConnectionFromDriverManager(DriverManagerDataSource.java:173)
	at org.springframework.jdbc.datasource.DriverManagerDataSource.getConnectionFromDriver(DriverManagerDataSource.java:164)
	at org.springframework.jdbc.datasource.AbstractDriverBasedDataSource.getConnectionFromDriver(AbstractDriverBasedDataSource.java:153)
	at org.springframework.jdbc.datasource.SingleConnectionDataSource.initConnection(SingleConnectionDataSource.java:244)
	at org.springframework.jdbc.datasource.SingleConnectionDataSource.getConnection(SingleConnectionDataSource.java:186)
	at org.springframework.jdbc.datasource.DataSourceUtils.doGetConnection(DataSourceUtils.java:111)
	at org.springframework.jdbc.datasource.DataSourceUtils.getConnection(DataSourceUtils.java:77)
	at org.springframework.jdbc.support.JdbcUtils.extractDatabaseMetaData(JdbcUtils.java:280)
	at org.springframework.jdbc.support.JdbcUtils.extractDatabaseMetaData(JdbcUtils.java:320)
	at org.springframework.batch.support.DatabaseType.fromMetaData(DatabaseType.java:93)
	at org.springframework.batch.admin.service.SimpleJobServiceFactoryBean.afterPropertiesSet(SimpleJobServiceFactoryBean.java:179)
	at org.springframework.beans.factory.support.AbstractAutowireCapableBeanFactory.invokeInitMethods(AbstractAutowireCapableBeanFactory.java:1514)
	at org.springframework.beans.factory.support.AbstractAutowireCapableBeanFactory.initializeBean(AbstractAutowireCapableBeanFactory.java:1452)
	at org.springframework.beans.factory.support.AbstractAutowireCapableBeanFactory.doCreateBean(AbstractAutowireCapableBeanFactory.java:519)
	at org.springframework.beans.factory.support.AbstractAutowireCapableBeanFactory.createBean(AbstractAutowireCapableBeanFactory.java:456)
	at org.springframework.beans.factory.support.AbstractBeanFactory$1.getObject(AbstractBeanFactory.java:294)
	at org.springframework.beans.factory.support.DefaultSingletonBeanRegistry.getSingleton(DefaultSingletonBeanRegistry.java:225)
	at org.springframework.beans.factory.support.AbstractBeanFactory.doGetBean(AbstractBeanFactory.java:291)
	at org.springframework.beans.factory.support.AbstractBeanFactory.getBean(AbstractBeanFactory.java:193)
	at org.springframework.aop.framework.ProxyFactoryBean.freshTargetSource(ProxyFactoryBean.java:571)
	at org.springframework.aop.framework.ProxyFactoryBean.getSingletonInstance(ProxyFactoryBean.java:305)
	at org.springframework.aop.framework.ProxyFactoryBean.getObject(ProxyFactoryBean.java:242)
	at org.springframework.beans.factory.support.FactoryBeanRegistrySupport.doGetObjectFromFactoryBean(FactoryBeanRegistrySupport.java:142)
	at org.springframework.beans.factory.support.FactoryBeanRegistrySupport.getObjectFromFactoryBean(FactoryBeanRegistrySupport.java:109)
	at org.springframework.beans.factory.support.BeanDefinitionValueResolver.resolveInnerBean(BeanDefinitionValueResolver.java:275)
	at org.springframework.beans.factory.support.BeanDefinitionValueResolver.resolveValueIfNecessary(BeanDefinitionValueResolver.java:121)
	at org.springframework.beans.factory.support.AbstractAutowireCapableBeanFactory.applyPropertyValues(AbstractAutowireCapableBeanFactory.java:1360)
	at org.springframework.beans.factory.support.AbstractAutowireCapableBeanFactory.populateBean(AbstractAutowireCapableBeanFactory.java:1118)
	at org.springframework.beans.factory.support.AbstractAutowireCapableBeanFactory.doCreateBean(AbstractAutowireCapableBeanFactory.java:517)
	at org.springframework.beans.factory.support.AbstractAutowireCapableBeanFactory.createBean(AbstractAutowireCapableBeanFactory.java:456)
	at org.springframework.beans.factory.support.AbstractBeanFactory$1.getObject(AbstractBeanFactory.java:294)
	at org.springframework.beans.factory.support.DefaultSingletonBeanRegistry.getSingleton(DefaultSingletonBeanRegistry.java:225)
	at org.springframework.beans.factory.support.AbstractBeanFactory.doGetBean(AbstractBeanFactory.java:291)
	at org.springframework.beans.factory.support.AbstractBeanFactory.getBean(AbstractBeanFactory.java:193)
	at org.springframework.jmx.export.MBeanExporter.autodetect(MBeanExporter.java:880)
	at org.springframework.jmx.export.MBeanExporter.autodetectBeans(MBeanExporter.java:842)
	at org.springframework.jmx.export.MBeanExporter.registerBeans(MBeanExporter.java:521)
	at org.springframework.jmx.export.MBeanExporter.afterPropertiesSet(MBeanExporter.java:413)
	at org.springframework.beans.factory.support.AbstractAutowireCapableBeanFactory.invokeInitMethods(AbstractAutowireCapableBeanFactory.java:1514)
	at org.springframework.beans.factory.support.AbstractAutowireCapableBeanFactory.initializeBean(AbstractAutowireCapableBeanFactory.java:1452)
	at org.springframework.beans.factory.support.AbstractAutowireCapableBeanFactory.doCreateBean(AbstractAutowireCapableBeanFactory.java:519)
	at org.springframework.beans.factory.support.AbstractAutowireCapableBeanFactory.createBean(AbstractAutowireCapableBeanFactory.java:456)
	at org.springframework.beans.factory.support.AbstractBeanFactory$1.getObject(AbstractBeanFactory.java:294)
	at org.springframework.beans.factory.support.DefaultSingletonBeanRegistry.getSingleton(DefaultSingletonBeanRegistry.java:225)
	at org.springframework.beans.factory.support.AbstractBeanFactory.doGetBean(AbstractBeanFactory.java:291)
	at org.springframework.beans.factory.support.AbstractBeanFactory.getBean(AbstractBeanFactory.java:197)
	at org.springframework.integration.monitor.IntegrationMBeanExporter.collectMBeanExporters(IntegrationMBeanExporter.java:377)
	at org.springframework.integration.monitor.IntegrationMBeanExporter.postProcessAfterInitialization(IntegrationMBeanExporter.java:189)
	at org.springframework.beans.factory.support.AbstractAutowireCapableBeanFactory.applyBeanPostProcessorsAfterInitialization(AbstractAutowireCapableBeanFactory.java:407)
	at org.springframework.beans.factory.support.AbstractAutowireCapableBeanFactory.initializeBean(AbstractAutowireCapableBeanFactory.java:1461)
	at org.springframework.beans.factory.support.AbstractAutowireCapableBeanFactory.doCreateBean(AbstractAutowireCapableBeanFactory.java:519)
	at org.springframework.beans.factory.support.AbstractAutowireCapableBeanFactory.createBean(AbstractAutowireCapableBeanFactory.java:456)
	at org.springframework.beans.factory.support.AbstractBeanFactory$1.getObject(AbstractBeanFactory.java:294)
	at org.springframework.beans.factory.support.DefaultSingletonBeanRegistry.getSingleton(DefaultSingletonBeanRegistry.java:225)
	at org.springframework.beans.factory.support.AbstractBeanFactory.doGetBean(AbstractBeanFactory.java:291)
	at org.springframework.beans.factory.support.AbstractBeanFactory.getBean(AbstractBeanFactory.java:193)
	at org.springframework.beans.factory.support.DefaultListableBeanFactory.preInstantiateSingletons(DefaultListableBeanFactory.java:607)
	at org.springframework.context.support.AbstractApplicationContext.finishBeanFactoryInitialization(AbstractApplicationContext.java:925)
	at org.springframework.context.support.AbstractApplicationContext.refresh(AbstractApplicationContext.java:472)
	at org.springframework.web.context.ContextLoader.configureAndRefreshWebApplicationContext(ContextLoader.java:388)
	at org.springframework.web.context.ContextLoader.initWebApplicationContext(ContextLoader.java:293)
	at org.springframework.web.context.ContextLoaderListener.contextInitialized(ContextLoaderListener.java:111)
	at org.mortbay.jetty.handler.ContextHandler.startContext(ContextHandler.java:540)
	at org.mortbay.jetty.servlet.Context.startContext(Context.java:135)
	at org.mortbay.jetty.webapp.WebAppContext.startContext(WebAppContext.java:1220)
	at org.mortbay.jetty.handler.ContextHandler.doStart(ContextHandler.java:510)
	at org.mortbay.jetty.webapp.WebAppContext.doStart(WebAppContext.java:448)
	at org.mortbay.jetty.plugin.Jetty6PluginWebAppContext.doStart(Jetty6PluginWebAppContext.java:110)
	at org.mortbay.component.AbstractLifeCycle.start(AbstractLifeCycle.java:39)
	at org.mortbay.jetty.plugin.AbstractJettyRunMojo$1.filesChanged(AbstractJettyRunMojo.java:409)
	at org.mortbay.util.Scanner.reportBulkChanges(Scanner.java:493)
	at org.mortbay.util.Scanner.reportDifferences(Scanner.java:359)
	at org.mortbay.util.Scanner.scan(Scanner.java:286)
	at org.mortbay.util.Scanner$1.run(Scanner.java:246)
	at java.util.TimerThread.mainLoop(Timer.java:555)
	at java.util.TimerThread.run(Timer.java:505)
Caused by: ERROR XSDB6: Another instance of Derby may have already booted the database /home/punnoose/dev/workspace/spring-batch/SpringBatchPartitionerExperiment/derby-home/spring_batch1.
	at org.apache.derby.iapi.error.StandardException.newException(Unknown Source)
	at org.apache.derby.impl.store.raw.data.BaseDataFileFactory.privGetJBMSLockOnDB(Unknown Source)
	at org.apache.derby.impl.store.raw.data.BaseDataFileFactory.run(Unknown Source)
	at java.security.AccessController.doPrivileged(Native Method)
	at org.apache.derby.impl.store.raw.data.BaseDataFileFactory.getJBMSLockOnDB(Unknown Source)
	at org.apache.derby.impl.store.raw.data.BaseDataFileFactory.boot(Unknown Source)
	at org.apache.derby.impl.services.monitor.BaseMonitor.boot(Unknown Source)
	at org.apache.derby.impl.services.monitor.TopService.bootModule(Unknown Source)
	at org.apache.derby.impl.services.monitor.BaseMonitor.startModule(Unknown Source)
	at org.apache.derby.iapi.services.monitor.Monitor.bootServiceModule(Unknown Source)
	at org.apache.derby.impl.store.raw.RawStore.boot(Unknown Source)
	at org.apache.derby.impl.services.monitor.BaseMonitor.boot(Unknown Source)
	at org.apache.derby.impl.services.monitor.TopService.bootModule(Unknown Source)
	at org.apache.derby.impl.services.monitor.BaseMonitor.startModule(Unknown Source)
	at org.apache.derby.iapi.services.monitor.Monitor.bootServiceModule(Unknown Source)
	at org.apache.derby.impl.store.access.RAMAccessManager.boot(Unknown Source)
	at org.apache.derby.impl.services.monitor.BaseMonitor.boot(Unknown Source)
	at org.apache.derby.impl.services.monitor.TopService.bootModule(Unknown Source)
	at org.apache.derby.impl.services.monitor.BaseMonitor.startModule(Unknown Source)
	at org.apache.derby.iapi.services.monitor.Monitor.bootServiceModule(Unknown Source)
	at org.apache.derby.impl.db.BasicDatabase.bootStore(Unknown Source)
	at org.apache.derby.impl.db.BasicDatabase.boot(Unknown Source)
	at org.apache.derby.impl.services.monitor.BaseMonitor.boot(Unknown Source)
	at org.apache.derby.impl.services.monitor.TopService.bootModule(Unknown Source)
	at org.apache.derby.impl.services.monitor.BaseMonitor.bootService(Unknown Source)
	at org.apache.derby.impl.services.monitor.BaseMonitor.startProviderService(Unknown Source)
	at org.apache.derby.impl.services.monitor.BaseMonitor.findProviderAndStartService(Unknown Source)
	at org.apache.derby.impl.services.monitor.BaseMonitor.startPersistentService(Unknown Source)
	at org.apache.derby.iapi.services.monitor.Monitor.startPersistentService(Unknown Source)
	... 85 more
============= end nested exception, level (2) ===========
============= begin nested exception, level (3) ===========
ERROR XSDB6: Another instance of Derby may have already booted the database /home/punnoose/dev/workspace/spring-batch/SpringBatchPartitionerExperiment/derby-home/spring_batch1.
	at org.apache.derby.iapi.error.StandardException.newException(Unknown Source)
	at org.apache.derby.impl.store.raw.data.BaseDataFileFactory.privGetJBMSLockOnDB(Unknown Source)
	at org.apache.derby.impl.store.raw.data.BaseDataFileFactory.run(Unknown Source)
	at java.security.AccessController.doPrivileged(Native Method)
	at org.apache.derby.impl.store.raw.data.BaseDataFileFactory.getJBMSLockOnDB(Unknown Source)
	at org.apache.derby.impl.store.raw.data.BaseDataFileFactory.boot(Unknown Source)
	at org.apache.derby.impl.services.monitor.BaseMonitor.boot(Unknown Source)
	at org.apache.derby.impl.services.monitor.TopService.bootModule(Unknown Source)
	at org.apache.derby.impl.services.monitor.BaseMonitor.startModule(Unknown Source)
	at org.apache.derby.iapi.services.monitor.Monitor.bootServiceModule(Unknown Source)
	at org.apache.derby.impl.store.raw.RawStore.boot(Unknown Source)
	at org.apache.derby.impl.services.monitor.BaseMonitor.boot(Unknown Source)
	at org.apache.derby.impl.services.monitor.TopService.bootModule(Unknown Source)
	at org.apache.derby.impl.services.monitor.BaseMonitor.startModule(Unknown Source)
	at org.apache.derby.iapi.services.monitor.Monitor.bootServiceModule(Unknown Source)
	at org.apache.derby.impl.store.access.RAMAccessManager.boot(Unknown Source)
	at org.apache.derby.impl.services.monitor.BaseMonitor.boot(Unknown Source)
	at org.apache.derby.impl.services.monitor.TopService.bootModule(Unknown Source)
	at org.apache.derby.impl.services.monitor.BaseMonitor.startModule(Unknown Source)
	at org.apache.derby.iapi.services.monitor.Monitor.bootServiceModule(Unknown Source)
	at org.apache.derby.impl.db.BasicDatabase.bootStore(Unknown Source)
	at org.apache.derby.impl.db.BasicDatabase.boot(Unknown Source)
	at org.apache.derby.impl.services.monitor.BaseMonitor.boot(Unknown Source)
	at org.apache.derby.impl.services.monitor.TopService.bootModule(Unknown Source)
	at org.apache.derby.impl.services.monitor.BaseMonitor.bootService(Unknown Source)
	at org.apache.derby.impl.services.monitor.BaseMonitor.startProviderService(Unknown Source)
	at org.apache.derby.impl.services.monitor.BaseMonitor.findProviderAndStartService(Unknown Source)
	at org.apache.derby.impl.services.monitor.BaseMonitor.startPersistentService(Unknown Source)
	at org.apache.derby.iapi.services.monitor.Monitor.startPersistentService(Unknown Source)
	at org.apache.derby.impl.jdbc.EmbedConnection.bootDatabase(Unknown Source)
	at org.apache.derby.impl.jdbc.EmbedConnection.<init>(Unknown Source)
	at org.apache.derby.impl.jdbc.EmbedConnection40.<init>(Unknown Source)
	at org.apache.derby.jdbc.Driver40.getNewEmbedConnection(Unknown Source)
	at org.apache.derby.jdbc.InternalDriver.connect(Unknown Source)
	at org.apache.derby.jdbc.Driver20.connect(Unknown Source)
	at org.apache.derby.jdbc.AutoloadedDriver.connect(Unknown Source)
	at java.sql.DriverManager.getConnection(DriverManager.java:571)
	at java.sql.DriverManager.getConnection(DriverManager.java:187)
	at org.springframework.jdbc.datasource.DriverManagerDataSource.getConnectionFromDriverManager(DriverManagerDataSource.java:173)
	at org.springframework.jdbc.datasource.DriverManagerDataSource.getConnectionFromDriver(DriverManagerDataSource.java:164)
	at org.springframework.jdbc.datasource.AbstractDriverBasedDataSource.getConnectionFromDriver(AbstractDriverBasedDataSource.java:153)
	at org.springframework.jdbc.datasource.SingleConnectionDataSource.initConnection(SingleConnectionDataSource.java:244)
	at org.springframework.jdbc.datasource.SingleConnectionDataSource.getConnection(SingleConnectionDataSource.java:186)
	at org.springframework.jdbc.datasource.DataSourceUtils.doGetConnection(DataSourceUtils.java:111)
	at org.springframework.jdbc.datasource.DataSourceUtils.getConnection(DataSourceUtils.java:77)
	at org.springframework.jdbc.support.JdbcUtils.extractDatabaseMetaData(JdbcUtils.java:280)
	at org.springframework.jdbc.support.JdbcUtils.extractDatabaseMetaData(JdbcUtils.java:320)
	at org.springframework.batch.support.DatabaseType.fromMetaData(DatabaseType.java:93)
	at org.springframework.batch.admin.service.SimpleJobServiceFactoryBean.afterPropertiesSet(SimpleJobServiceFactoryBean.java:179)
	at org.springframework.beans.factory.support.AbstractAutowireCapableBeanFactory.invokeInitMethods(AbstractAutowireCapableBeanFactory.java:1514)
	at org.springframework.beans.factory.support.AbstractAutowireCapableBeanFactory.initializeBean(AbstractAutowireCapableBeanFactory.java:1452)
	at org.springframework.beans.factory.support.AbstractAutowireCapableBeanFactory.doCreateBean(AbstractAutowireCapableBeanFactory.java:519)
	at org.springframework.beans.factory.support.AbstractAutowireCapableBeanFactory.createBean(AbstractAutowireCapableBeanFactory.java:456)
	at org.springframework.beans.factory.support.AbstractBeanFactory$1.getObject(AbstractBeanFactory.java:294)
	at org.springframework.beans.factory.support.DefaultSingletonBeanRegistry.getSingleton(DefaultSingletonBeanRegistry.java:225)
	at org.springframework.beans.factory.support.AbstractBeanFactory.doGetBean(AbstractBeanFactory.java:291)
	at org.springframework.beans.factory.support.AbstractBeanFactory.getBean(AbstractBeanFactory.java:193)
	at org.springframework.aop.framework.ProxyFactoryBean.freshTargetSource(ProxyFactoryBean.java:571)
	at org.springframework.aop.framework.ProxyFactoryBean.getSingletonInstance(ProxyFactoryBean.java:305)
	at org.springframework.aop.framework.ProxyFactoryBean.getObject(ProxyFactoryBean.java:242)
	at org.springframework.beans.factory.support.FactoryBeanRegistrySupport.doGetObjectFromFactoryBean(FactoryBeanRegistrySupport.java:142)
	at org.springframework.beans.factory.support.FactoryBeanRegistrySupport.getObjectFromFactoryBean(FactoryBeanRegistrySupport.java:109)
	at org.springframework.beans.factory.support.BeanDefinitionValueResolver.resolveInnerBean(BeanDefinitionValueResolver.java:275)
	at org.springframework.beans.factory.support.BeanDefinitionValueResolver.resolveValueIfNecessary(BeanDefinitionValueResolver.java:121)
	at org.springframework.beans.factory.support.AbstractAutowireCapableBeanFactory.applyPropertyValues(AbstractAutowireCapableBeanFactory.java:1360)
	at org.springframework.beans.factory.support.AbstractAutowireCapableBeanFactory.populateBean(AbstractAutowireCapableBeanFactory.java:1118)
	at org.springframework.beans.factory.support.AbstractAutowireCapableBeanFactory.doCreateBean(AbstractAutowireCapableBeanFactory.java:517)
	at org.springframework.beans.factory.support.AbstractAutowireCapableBeanFactory.createBean(AbstractAutowireCapableBeanFactory.java:456)
	at org.springframework.beans.factory.support.AbstractBeanFactory$1.getObject(AbstractBeanFactory.java:294)
	at org.springframework.beans.factory.support.DefaultSingletonBeanRegistry.getSingleton(DefaultSingletonBeanRegistry.java:225)
	at org.springframework.beans.factory.support.AbstractBeanFactory.doGetBean(AbstractBeanFactory.java:291)
	at org.springframework.beans.factory.support.AbstractBeanFactory.getBean(AbstractBeanFactory.java:193)
	at org.springframework.jmx.export.MBeanExporter.autodetect(MBeanExporter.java:880)
	at org.springframework.jmx.export.MBeanExporter.autodetectBeans(MBeanExporter.java:842)
	at org.springframework.jmx.export.MBeanExporter.registerBeans(MBeanExporter.java:521)
	at org.springframework.jmx.export.MBeanExporter.afterPropertiesSet(MBeanExporter.java:413)
	at org.springframework.beans.factory.support.AbstractAutowireCapableBeanFactory.invokeInitMethods(AbstractAutowireCapableBeanFactory.java:1514)
	at org.springframework.beans.factory.support.AbstractAutowireCapableBeanFactory.initializeBean(AbstractAutowireCapableBeanFactory.java:1452)
	at org.springframework.beans.factory.support.AbstractAutowireCapableBeanFactory.doCreateBean(AbstractAutowireCapableBeanFactory.java:519)
	at org.springframework.beans.factory.support.AbstractAutowireCapableBeanFactory.createBean(AbstractAutowireCapableBeanFactory.java:456)
	at org.springframework.beans.factory.support.AbstractBeanFactory$1.getObject(AbstractBeanFactory.java:294)
	at org.springframework.beans.factory.support.DefaultSingletonBeanRegistry.getSingleton(DefaultSingletonBeanRegistry.java:225)
	at org.springframework.beans.factory.support.AbstractBeanFactory.doGetBean(AbstractBeanFactory.java:291)
	at org.springframework.beans.factory.support.AbstractBeanFactory.getBean(AbstractBeanFactory.java:197)
	at org.springframework.integration.monitor.IntegrationMBeanExporter.collectMBeanExporters(IntegrationMBeanExporter.java:377)
	at org.springframework.integration.monitor.IntegrationMBeanExporter.postProcessAfterInitialization(IntegrationMBeanExporter.java:189)
	at org.springframework.beans.factory.support.AbstractAutowireCapableBeanFactory.applyBeanPostProcessorsAfterInitialization(AbstractAutowireCapableBeanFactory.java:407)
	at org.springframework.beans.factory.support.AbstractAutowireCapableBeanFactory.initializeBean(AbstractAutowireCapableBeanFactory.java:1461)
	at org.springframework.beans.factory.support.AbstractAutowireCapableBeanFactory.doCreateBean(AbstractAutowireCapableBeanFactory.java:519)
	at org.springframework.beans.factory.support.AbstractAutowireCapableBeanFactory.createBean(AbstractAutowireCapableBeanFactory.java:456)
	at org.springframework.beans.factory.support.AbstractBeanFactory$1.getObject(AbstractBeanFactory.java:294)
	at org.springframework.beans.factory.support.DefaultSingletonBeanRegistry.getSingleton(DefaultSingletonBeanRegistry.java:225)
	at org.springframework.beans.factory.support.AbstractBeanFactory.doGetBean(AbstractBeanFactory.java:291)
	at org.springframework.beans.factory.support.AbstractBeanFactory.getBean(AbstractBeanFactory.java:193)
	at org.springframework.beans.factory.support.DefaultListableBeanFactory.preInstantiateSingletons(DefaultListableBeanFactory.java:607)
	at org.springframework.context.support.AbstractApplicationContext.finishBeanFactoryInitialization(AbstractApplicationContext.java:925)
	at org.springframework.context.support.AbstractApplicationContext.refresh(AbstractApplicationContext.java:472)
	at org.springframework.web.context.ContextLoader.configureAndRefreshWebApplicationContext(ContextLoader.java:388)
	at org.springframework.web.context.ContextLoader.initWebApplicationContext(ContextLoader.java:293)
	at org.springframework.web.context.ContextLoaderListener.contextInitialized(ContextLoaderListener.java:111)
	at org.mortbay.jetty.handler.ContextHandler.startContext(ContextHandler.java:540)
	at org.mortbay.jetty.servlet.Context.startContext(Context.java:135)
	at org.mortbay.jetty.webapp.WebAppContext.startContext(WebAppContext.java:1220)
	at org.mortbay.jetty.handler.ContextHandler.doStart(ContextHandler.java:510)
	at org.mortbay.jetty.webapp.WebAppContext.doStart(WebAppContext.java:448)
	at org.mortbay.jetty.plugin.Jetty6PluginWebAppContext.doStart(Jetty6PluginWebAppContext.java:110)
	at org.mortbay.component.AbstractLifeCycle.start(AbstractLifeCycle.java:39)
	at org.mortbay.jetty.plugin.AbstractJettyRunMojo$1.filesChanged(AbstractJettyRunMojo.java:409)
	at org.mortbay.util.Scanner.reportBulkChanges(Scanner.java:493)
	at org.mortbay.util.Scanner.reportDifferences(Scanner.java:359)
	at org.mortbay.util.Scanner.scan(Scanner.java:286)
	at org.mortbay.util.Scanner$1.run(Scanner.java:246)
	at java.util.TimerThread.mainLoop(Timer.java:555)
	at java.util.TimerThread.run(Timer.java:505)
============= end nested exception, level (3) ===========
Cleanup action completed
